[2025-06-09 15:16:46,849: INFO: main: Welcome to our custom logging data science ]
[2025-06-10 16:55:08,658: INFO: common: yaml file:config\config.yml loaded successfully]
[2025-06-10 16:56:22,568: INFO: common: yaml file:config\config.yml loaded successfully]
[2025-06-10 16:56:52,037: INFO: common: yaml file:config\config.yml loaded successfully]
[2025-06-10 16:56:52,040: INFO: common: yaml file:params.yml loaded successfully]
[2025-06-10 16:56:52,045: INFO: common: yaml file:schema.yml loaded successfully]
[2025-06-10 16:57:45,914: INFO: common: yaml file:config\config.yml loaded successfully]
[2025-06-10 16:57:45,934: INFO: common: yaml file:params.yml loaded successfully]
[2025-06-10 16:57:45,952: INFO: common: yaml file:schema.yml loaded successfully]
[2025-06-10 16:57:57,047: INFO: common: yaml file:config\config.yml loaded successfully]
[2025-06-10 16:57:57,047: INFO: common: yaml file:params.yml loaded successfully]
[2025-06-10 16:57:57,055: INFO: common: yaml file:schema.yml loaded successfully]
[2025-06-10 16:59:22,579: INFO: common: yaml file:config\config.yml loaded successfully]
[2025-06-10 16:59:22,579: INFO: common: yaml file:params.yml loaded successfully]
[2025-06-10 16:59:22,591: INFO: common: yaml file:schema.yml loaded successfully]
[2025-06-10 17:02:37,255: INFO: common: yaml file:config\config.yml loaded successfully]
[2025-06-10 17:02:37,256: INFO: common: yaml file:params.yml loaded successfully]
[2025-06-10 17:02:37,263: INFO: common: yaml file:schema.yml loaded successfully]
[2025-06-10 17:08:55,215: INFO: common: yaml file:config\config.yml loaded successfully]
[2025-06-10 17:08:55,223: INFO: common: yaml file:params.yml loaded successfully]
[2025-06-10 17:08:55,226: INFO: common: yaml file:schema.yml loaded successfully]
[2025-06-10 17:08:55,234: INFO: common: created directory at:artifacts]
[2025-06-10 17:08:55,239: INFO: common: created directory at:artifacts/data_ingestion]
[2025-06-10 17:09:14,902: INFO: common: yaml file:config\config.yml loaded successfully]
[2025-06-10 17:09:14,908: INFO: common: yaml file:params.yml loaded successfully]
[2025-06-10 17:09:14,911: INFO: common: yaml file:schema.yml loaded successfully]
[2025-06-10 17:09:14,917: INFO: common: created directory at:artifacts]
[2025-06-10 17:09:14,923: INFO: common: created directory at:artifacts/data_ingestion]
[2025-06-10 17:10:11,447: INFO: common: yaml file:config\config.yml loaded successfully]
[2025-06-10 17:10:11,454: INFO: common: yaml file:params.yml loaded successfully]
[2025-06-10 17:10:11,460: INFO: common: yaml file:schema.yml loaded successfully]
[2025-06-10 17:10:11,462: INFO: common: created directory at:artifacts]
[2025-06-10 17:10:11,466: INFO: common: created directory at:artifacts/data_ingestion]
[2025-06-10 17:12:05,654: INFO: common: yaml file:config\config.yml loaded successfully]
[2025-06-10 17:12:05,660: INFO: common: yaml file:params.yml loaded successfully]
[2025-06-10 17:12:05,668: INFO: common: yaml file:schema.yml loaded successfully]
[2025-06-10 17:14:25,602: INFO: common: yaml file:config\config.yml loaded successfully]
[2025-06-10 17:14:25,610: INFO: common: yaml file:params.yml loaded successfully]
[2025-06-10 17:14:25,615: INFO: common: yaml file:schema.yml loaded successfully]
[2025-06-10 17:14:25,623: INFO: common: created directory at:artifacts]
[2025-06-10 17:14:25,628: INFO: common: created directory at:artifacts/data_ingestion]
[2025-06-10 17:17:40,697: INFO: common: yaml file:config\config.yml loaded successfully]
[2025-06-10 17:17:40,710: INFO: common: yaml file:params.yml loaded successfully]
[2025-06-10 17:17:40,719: INFO: common: yaml file:schema.yml loaded successfully]
[2025-06-10 17:17:40,725: INFO: common: created directory at:artifacts]
[2025-06-10 17:17:40,731: INFO: common: created directory at:artifacts/data_ingestion]
[2025-06-10 17:18:44,557: INFO: common: yaml file:config\config.yml loaded successfully]
[2025-06-10 17:18:44,563: INFO: common: yaml file:params.yml loaded successfully]
[2025-06-10 17:18:44,570: INFO: common: yaml file:schema.yml loaded successfully]
[2025-06-10 17:18:44,579: INFO: common: created directory at:artifacts]
[2025-06-10 17:18:44,585: INFO: common: created directory at:artifacts/data_ingestion]
[2025-06-10 17:18:56,177: INFO: common: yaml file:config\config.yml loaded successfully]
[2025-06-10 17:18:56,180: INFO: common: yaml file:params.yml loaded successfully]
[2025-06-10 17:18:56,180: INFO: common: yaml file:schema.yml loaded successfully]
[2025-06-10 17:18:56,191: INFO: common: created directory at:artifacts]
[2025-06-10 17:18:56,194: INFO: common: created directory at:artifacts/data_ingestion]
[2025-06-10 17:19:29,925: INFO: common: yaml file:config\config.yml loaded successfully]
[2025-06-10 17:19:29,931: INFO: common: yaml file:params.yml loaded successfully]
[2025-06-10 17:19:29,936: INFO: common: yaml file:schema.yml loaded successfully]
[2025-06-10 17:19:29,941: INFO: common: created directory at:artifacts]
[2025-06-10 17:19:29,947: INFO: common: created directory at:artifacts/data_ingestion]
[2025-06-10 17:21:21,017: INFO: common: yaml file:config\config.yml loaded successfully]
[2025-06-10 17:21:21,017: INFO: common: yaml file:params.yml loaded successfully]
[2025-06-10 17:21:21,028: INFO: common: yaml file:schema.yml loaded successfully]
[2025-06-10 17:21:21,034: INFO: common: created directory at:artifacts]
[2025-06-10 17:21:21,038: INFO: common: created directory at:artifacts/data_ingestion]
[2025-06-10 17:22:14,504: INFO: common: yaml file:config\config.yml loaded successfully]
[2025-06-10 17:22:14,509: INFO: common: yaml file:params.yml loaded successfully]
[2025-06-10 17:22:14,509: INFO: common: yaml file:schema.yml loaded successfully]
[2025-06-10 17:22:14,522: INFO: common: created directory at:artifacts]
[2025-06-10 17:22:14,526: INFO: common: created directory at:artifacts/data_ingestion]
[2025-06-10 17:22:24,999: INFO: common: yaml file:config\config.yml loaded successfully]
[2025-06-10 17:22:25,005: INFO: common: yaml file:params.yml loaded successfully]
[2025-06-10 17:22:25,011: INFO: common: yaml file:schema.yml loaded successfully]
[2025-06-10 17:22:25,019: INFO: common: created directory at:artifacts]
[2025-06-10 17:22:25,021: INFO: common: created directory at:artifacts/data_ingestion]
[2025-06-10 17:24:55,359: INFO: common: yaml file:config\config.yml loaded successfully]
[2025-06-10 17:24:55,365: INFO: common: yaml file:params.yml loaded successfully]
[2025-06-10 17:24:55,371: INFO: common: yaml file:schema.yml loaded successfully]
[2025-06-10 17:24:55,376: INFO: common: created directory at:artifacts]
[2025-06-10 17:24:55,381: INFO: common: created directory at:artifacts/data_ingestion]
[2025-06-10 17:25:52,117: INFO: common: yaml file:config\config.yml loaded successfully]
[2025-06-10 17:25:52,127: INFO: common: yaml file:params.yml loaded successfully]
[2025-06-10 17:25:52,131: INFO: common: yaml file:schema.yml loaded successfully]
[2025-06-10 17:25:52,138: INFO: common: created directory at:artifacts]
[2025-06-10 17:25:52,139: INFO: common: created directory at:artifacts/data_ingestion]
[2025-06-10 17:27:41,820: INFO: common: yaml file:config\config.yml loaded successfully]
[2025-06-10 17:27:41,825: INFO: common: yaml file:params.yml loaded successfully]
[2025-06-10 17:27:41,833: INFO: common: yaml file:schema.yml loaded successfully]
[2025-06-10 17:27:41,837: INFO: common: created directory at:artifacts]
[2025-06-10 17:27:41,844: INFO: common: created directory at:artifacts/data_ingestion]
[2025-06-10 17:28:21,660: INFO: common: yaml file:config\config.yml loaded successfully]
[2025-06-10 17:28:21,668: INFO: common: yaml file:params.yml loaded successfully]
[2025-06-10 17:28:21,673: INFO: common: yaml file:schema.yml loaded successfully]
[2025-06-10 17:28:21,673: INFO: common: created directory at:artifacts]
[2025-06-10 17:28:21,686: INFO: common: created directory at:artifacts/data_ingestion]
[2025-06-10 17:28:36,284: INFO: common: yaml file:config\config.yml loaded successfully]
[2025-06-10 17:28:36,294: INFO: common: yaml file:params.yml loaded successfully]
[2025-06-10 17:28:36,300: INFO: common: yaml file:schema.yml loaded successfully]
[2025-06-10 17:28:36,306: INFO: common: created directory at:artifacts]
[2025-06-10 17:28:36,312: INFO: common: created directory at:artifacts/data_ingestion]
[2025-06-10 17:30:47,092: INFO: common: yaml file:config\config.yml loaded successfully]
[2025-06-10 17:30:47,097: INFO: common: yaml file:params.yml loaded successfully]
[2025-06-10 17:30:47,101: INFO: common: yaml file:schema.yml loaded successfully]
[2025-06-10 17:30:47,104: INFO: common: created directory at:artifacts]
[2025-06-10 17:30:47,105: INFO: common: created directory at:artifacts/data_ingestion]
[2025-06-10 18:14:14,365: INFO: main: >>>>> stage Data Ingestion stage started <<<<<<]
[2025-06-10 18:14:14,365: ERROR: main: 'DataIngestionTrainingPipeline' object has no attribute 'main']
Traceback (most recent call last):
  File "C:\Users\layek\datascienceproject\main.py", line 9, in <module>
    obj.main()
AttributeError: 'DataIngestionTrainingPipeline' object has no attribute 'main'
[2025-06-10 18:16:49,143: INFO: main: >>>>> stage Data Ingestion stage started <<<<<<]
[2025-06-10 18:16:49,143: ERROR: main: 'DataIngestionTrainingPipeline' object has no attribute 'main']
Traceback (most recent call last):
  File "C:\Users\layek\datascienceproject\main.py", line 9, in <module>
    obj.main()
AttributeError: 'DataIngestionTrainingPipeline' object has no attribute 'main'
[2025-06-10 18:19:48,456: INFO: main: >>>>> stage Data Ingestion stage started <<<<<<]
[2025-06-10 18:19:48,456: INFO: common: yaml file:config\config.yml loaded successfully]
[2025-06-10 18:19:48,456: INFO: common: yaml file:params.yml loaded successfully]
[2025-06-10 18:19:48,456: INFO: common: yaml file:schema.yml loaded successfully]
[2025-06-10 18:19:48,468: INFO: common: created directory at:artifacts]
[2025-06-10 18:19:48,470: INFO: common: created directory at:artifacts/data_ingestion]
[2025-06-10 18:19:48,470: ERROR: main: 'DataIngestion' object has no attribute 'download_file']
Traceback (most recent call last):
  File "C:\Users\layek\datascienceproject\main.py", line 9, in <module>
    obj.initiate_data_ingestion()
  File "C:\Users\layek\datascienceproject\src\datascience\pipeline\data_ingestion_pipeline.py", line 16, in initiate_data_ingestion
    data_ingestion.download_file()
AttributeError: 'DataIngestion' object has no attribute 'download_file'
[2025-06-10 18:20:17,138: INFO: main: >>>>> stage Data Ingestion stage started <<<<<<]
[2025-06-10 18:20:17,141: INFO: common: yaml file:config\config.yml loaded successfully]
[2025-06-10 18:20:17,143: INFO: common: yaml file:params.yml loaded successfully]
[2025-06-10 18:20:17,144: INFO: common: yaml file:schema.yml loaded successfully]
[2025-06-10 18:20:17,145: INFO: common: created directory at:artifacts]
[2025-06-10 18:20:17,147: INFO: common: created directory at:artifacts/data_ingestion]
[2025-06-10 18:20:17,162: INFO: main: >>>>> stage Data Ingestion stage completed <<<

x=====x]
[2025-06-10 23:19:25,415: INFO: main: >>>>>> stage Data Ingestion stage started <<<<<<]
[2025-06-10 23:19:25,428: INFO: common: yaml file:config\config.yml loaded successfully]
[2025-06-10 23:19:25,441: INFO: common: yaml file:params.yml loaded successfully]
[2025-06-10 23:19:25,452: INFO: common: yaml file:schema.yml loaded successfully]
[2025-06-10 23:19:25,461: INFO: common: created directory at:artifacts]
[2025-06-10 23:19:25,463: INFO: common: created directory at:artifacts/data_ingestion]
[2025-06-10 23:19:25,465: ERROR: main: DataIngestionConfig.__init__() got an unexpected keyword argument 'source_URL']
Traceback (most recent call last):
  File "C:\Users\layek\datascienceproject\main.py", line 12, in <module>
    data_ingestion.initiate_data_ingestion()
  File "C:\Users\layek\datascienceproject\src\datascience\pipeline\data_ingestion_pipeline.py", line 14, in initiate_data_ingestion
    data_ingestion_config=config.get_data_ingestion_config()
  File "C:\Users\layek\datascienceproject\src\datascience\config\configuration.py", line 24, in get_data_ingestion_config
    data_ingestion_config=DataIngestionConfig(
TypeError: DataIngestionConfig.__init__() got an unexpected keyword argument 'source_URL'
[2025-06-10 23:20:35,468: INFO: main: >>>>>> stage Data Ingestion stage started <<<<<<]
[2025-06-10 23:20:35,468: INFO: common: yaml file:config\config.yml loaded successfully]
[2025-06-10 23:20:35,477: INFO: common: yaml file:params.yml loaded successfully]
[2025-06-10 23:20:35,486: INFO: common: yaml file:schema.yml loaded successfully]
[2025-06-10 23:20:35,489: INFO: common: created directory at:artifacts]
[2025-06-10 23:20:35,499: INFO: common: created directory at:artifacts/data_ingestion]
[2025-06-10 23:20:35,574: INFO: main: >>>>>> stage Data Ingestion stage completed <<<<<<

x==========x]
[2025-06-10 23:20:35,574: INFO: main: >>>>>> stage Data Validation stage started <<<<<<]
[2025-06-10 23:20:35,574: INFO: common: yaml file:config\config.yml loaded successfully]
[2025-06-10 23:20:35,574: INFO: common: yaml file:params.yml loaded successfully]
[2025-06-10 23:20:35,586: INFO: common: yaml file:schema.yml loaded successfully]
[2025-06-10 23:20:35,586: INFO: common: created directory at:artifacts]
[2025-06-10 23:20:35,586: ERROR: main: "'ConfigBox' object has no attribute 'data_validation'"]
Traceback (most recent call last):
  File "box\\box.py", line 594, in box.box.Box.__getitem__
KeyError: 'data_validation'

The above exception was the direct cause of the following exception:

Traceback (most recent call last):
  File "box\\box.py", line 633, in box.box.Box.__getattr__
  File "box\\box.py", line 621, in box.box.Box.__getitem__
box.exceptions.BoxKeyError: "'data_validation'"

During handling of the above exception, another exception occurred:

Traceback (most recent call last):
  File "box\\box.py", line 635, in box.box.Box.__getattr__
AttributeError: 'ConfigBox' object has no attribute 'data_validation'

The above exception was the direct cause of the following exception:

Traceback (most recent call last):
  File "box\\config_box.py", line 29, in box.config_box.ConfigBox.__getattr__
  File "box\\box.py", line 649, in box.box.Box.__getattr__
box.exceptions.BoxKeyError: "'ConfigBox' object has no attribute 'data_validation'"

During handling of the above exception, another exception occurred:

Traceback (most recent call last):
  File "box\\box.py", line 594, in box.box.Box.__getitem__
KeyError: 'data_validation'

The above exception was the direct cause of the following exception:

Traceback (most recent call last):
  File "box\\box.py", line 633, in box.box.Box.__getattr__
  File "box\\box.py", line 621, in box.box.Box.__getitem__
box.exceptions.BoxKeyError: "'data_validation'"

During handling of the above exception, another exception occurred:

Traceback (most recent call last):
  File "box\\box.py", line 635, in box.box.Box.__getattr__
AttributeError: 'ConfigBox' object has no attribute 'data_validation'

The above exception was the direct cause of the following exception:

Traceback (most recent call last):
  File "C:\Users\layek\datascienceproject\main.py", line 23, in <module>
    data_ingestion.initiate_data_validation()
  File "C:\Users\layek\datascienceproject\src\datascience\pipeline\data_validation_pipeline.py", line 13, in initiate_data_validation
    data_validation_config = config.get_data_validation_config()
  File "C:\Users\layek\datascienceproject\src\datascience\config\configuration.py", line 34, in get_data_validation_config
    config = self.config.data_validation
  File "box\\config_box.py", line 31, in box.config_box.ConfigBox.__getattr__
  File "box\\box.py", line 649, in box.box.Box.__getattr__
box.exceptions.BoxKeyError: "'ConfigBox' object has no attribute 'data_validation'"
[2025-06-10 23:27:47,519: INFO: main: >>>>>> stage Data Ingestion stage started <<<<<<]
[2025-06-10 23:27:47,521: INFO: common: yaml file:config\config.yml loaded successfully]
[2025-06-10 23:27:47,521: INFO: common: yaml file:params.yml loaded successfully]
[2025-06-10 23:27:47,521: INFO: common: yaml file:schema.yml loaded successfully]
[2025-06-10 23:27:47,532: INFO: common: created directory at:artifacts]
[2025-06-10 23:27:47,534: INFO: common: created directory at:artifacts/data_ingestion]
[2025-06-10 23:27:47,549: INFO: main: >>>>>> stage Data Ingestion stage completed <<<<<<

x==========x]
[2025-06-10 23:27:47,549: INFO: main: >>>>>> stage Data Validation stage started <<<<<<]
[2025-06-10 23:27:47,557: INFO: common: yaml file:config\config.yml loaded successfully]
[2025-06-10 23:27:47,560: INFO: common: yaml file:params.yml loaded successfully]
[2025-06-10 23:27:47,567: INFO: common: yaml file:schema.yml loaded successfully]
[2025-06-10 23:27:47,567: INFO: common: created directory at:artifacts]
[2025-06-10 23:27:47,572: INFO: common: created directory at:artifacts/data_validation]
[2025-06-10 23:27:47,619: INFO: main: >>>>>> stage Data Validation stage completed <<<<<<

x==========x]
[2025-06-10 23:32:20,592: INFO: main: >>>>>> stage Data Ingestion stage started <<<<<<]
[2025-06-10 23:32:20,592: INFO: common: yaml file:config\config.yml loaded successfully]
[2025-06-10 23:32:20,592: INFO: common: yaml file:params.yml loaded successfully]
[2025-06-10 23:32:20,608: INFO: common: yaml file:schema.yml loaded successfully]
[2025-06-10 23:32:20,613: INFO: common: created directory at:artifacts]
[2025-06-10 23:32:20,613: INFO: common: created directory at:artifacts/data_ingestion]
[2025-06-10 23:32:20,627: INFO: main: >>>>>> stage Data Ingestion stage completed <<<<<<

x==========x]
[2025-06-10 23:32:20,627: INFO: main: >>>>>> stage Data Validation stage started <<<<<<]
[2025-06-10 23:32:20,630: INFO: common: yaml file:config\config.yml loaded successfully]
[2025-06-10 23:32:20,630: INFO: common: yaml file:params.yml loaded successfully]
[2025-06-10 23:32:20,638: INFO: common: yaml file:schema.yml loaded successfully]
[2025-06-10 23:32:20,638: INFO: common: created directory at:artifacts]
[2025-06-10 23:32:20,641: INFO: common: created directory at:artifacts/data_validation]
[2025-06-10 23:32:20,675: INFO: main: >>>>>> stage Data Validation stage completed <<<<<<

x==========x]
[2025-06-10 23:34:50,868: INFO: main: >>>>>> stage Data Ingestion stage started <<<<<<]
[2025-06-10 23:34:50,868: INFO: common: yaml file:config\config.yml loaded successfully]
[2025-06-10 23:34:50,883: INFO: common: yaml file:params.yml loaded successfully]
[2025-06-10 23:34:50,887: INFO: common: yaml file:schema.yml loaded successfully]
[2025-06-10 23:34:50,892: INFO: common: created directory at:artifacts]
[2025-06-10 23:34:50,892: INFO: common: created directory at:artifacts/data_ingestion]
[2025-06-10 23:34:50,912: INFO: main: >>>>>> stage Data Ingestion stage completed <<<<<<

x==========x]
[2025-06-10 23:34:50,916: INFO: main: >>>>>> stage Data Validation stage started <<<<<<]
[2025-06-10 23:34:50,919: INFO: common: yaml file:config\config.yml loaded successfully]
[2025-06-10 23:34:50,919: INFO: common: yaml file:params.yml loaded successfully]
[2025-06-10 23:34:50,928: INFO: common: yaml file:schema.yml loaded successfully]
[2025-06-10 23:34:50,928: INFO: common: created directory at:artifacts]
[2025-06-10 23:34:50,928: INFO: common: created directory at:artifacts/data_validation]
[2025-06-10 23:34:50,928: INFO: data_validation: Reading file from: artifacts\data_ingestion\winequality-red.csv]
[2025-06-10 23:34:50,968: WARNING: data_validation: Column mismatch. Found: ['fixed acidity;"volatile acidity";"citric acid";"residual sugar";"chlorides";"free sulfur dioxide";"total sulfur dioxide";"density";"pH";"sulphates";"alcohol";"quality"'], Expected: ['fixed acidity', 'volatile acidity', 'citric acid', 'residual sugar', 'chlorides', 'free sulfur dioxide', 'total sulfur dioxide', 'density', 'pH', 'sulphates', 'alcohol', 'quality']]
[2025-06-10 23:34:50,968: INFO: main: >>>>>> stage Data Validation stage completed <<<<<<

x==========x]
